#
# There is insufficient memory for the Java Runtime Environment to continue.
# Native memory allocation (malloc) failed to allocate 32744 bytes for ChunkPool::allocate
# Possible reasons:
#   The system is out of physical RAM or swap space
#   The process is running with CompressedOops enabled, and the Java Heap may be blocking the growth of the native heap
# Possible solutions:
#   Reduce memory load on the system
#   Increase physical memory or swap space
#   Check if swap backing store is full
#   Decrease Java heap size (-Xmx/-Xms)
#   Decrease number of Java threads
#   Decrease Java thread stack sizes (-Xss)
#   Set larger code cache with -XX:ReservedCodeCacheSize=
#   JVM is running with Unscaled Compressed Oops mode in which the Java heap is
#     placed in the first 4GB address space. The Java Heap base address is the
#     maximum limit for the native heap growth. Please use -XX:HeapBaseMinAddress
#     to set the Java Heap base and to place the Java Heap above 4GB virtual address.
# This output file may be truncated or incomplete.
#
#  Out of Memory Error (arena.cpp:79), pid=10296, tid=35784
#
# JRE version: OpenJDK Runtime Environment Temurin-17.0.9+9 (17.0.9+9) (build 17.0.9+9)
# Java VM: OpenJDK 64-Bit Server VM Temurin-17.0.9+9 (17.0.9+9, mixed mode, tiered, compressed oops, compressed class ptrs, g1 gc, windows-amd64)
# No core dump will be written. Minidumps are not enabled by default on client versions of Windows
#

---------------  S U M M A R Y ------------

Command Line: -Dfile.encoding=UTF-8 -XX:+ShowCodeDetailsInExceptionMessages hackaton.carServices

Host: AMD Ryzen 5 PRO 3500U w/ Radeon Vega Mobile Gfx, 8 cores, 5G,  Windows 11 , 64 bit Build 22000 (10.0.22000.2600)
Time: Tue Feb 20 17:53:01 2024 India Standard Time elapsed time: 44.303333 seconds (0d 0h 0m 44s)

---------------  T H R E A D  ---------------

Current thread (0x000001e025040270):  JavaThread "C1 CompilerThread0" daemon [_thread_in_native, id=35784, stack(0x000000720e600000,0x000000720e700000)]


Current CompileTask:
C1:  44304 1395       3       java.lang.invoke.TypeConvertingMethodAdapter::convertType (299 bytes)

Stack: [0x000000720e600000,0x000000720e700000]
Native frames: (J=compiled Java code, j=interpreted, Vv=VM code, C=native code)
V  [jvm.dll+0x67cf49]
V  [jvm.dll+0x83478a]
V  [jvm.dll+0x83624e]
V  [jvm.dll+0x8368b3]
V  [jvm.dll+0x247f1f]
V  [jvm.dll+0xac65c]
V  [jvm.dll+0xaca8c]
V  [jvm.dll+0x179702]
V  [jvm.dll+0x17bd91]
V  [jvm.dll+0x136313]
V  [jvm.dll+0x135c1f]
V  [jvm.dll+0x135e56]
V  [jvm.dll+0x1352ea]
V  [jvm.dll+0x136fa1]
V  [jvm.dll+0x2297ae]
V  [jvm.dll+0x22797c]
V  [jvm.dll+0x7e9877]
V  [jvm.dll+0x7e3c3a]
V  [jvm.dll+0x67be35]
C  [ucrtbase.dll+0x26c0c]
C  [KERNEL32.DLL+0x153e0]
C  [ntdll.dll+0x485b]


---------------  P R O C E S S  ---------------

Threads class SMR info:
_java_thread_list=0x000001e02606a900, length=19, elements={
0x000001e00816d870, 0x000001e020dbc0c0, 0x000001e0250135d0, 0x000001e020dfeab0,
0x000001e025051240, 0x000001e025053c10, 0x000001e0250545d0, 0x000001e0250552c0,
0x000001e025040270, 0x000001e0250ace00, 0x000001e0251bbb30, 0x000001e0251c3a20,
0x000001e0264d2810, 0x000001e025623060, 0x000001e025f94070, 0x000001e025f94550,
0x000001e025f94a30, 0x000001e0260e2e60, 0x000001e0258a35a0
}

Java Threads: ( => current thread )
  0x000001e00816d870 JavaThread "Forwarding newSession on session null to remote" [_thread_in_vm, id=22360, stack(0x000000720d800000,0x000000720d900000)]
  0x000001e020dbc0c0 JavaThread "Reference Handler" daemon [_thread_blocked, id=13528, stack(0x000000720df00000,0x000000720e000000)]
  0x000001e0250135d0 JavaThread "Finalizer" daemon [_thread_blocked, id=35284, stack(0x000000720e000000,0x000000720e100000)]
  0x000001e020dfeab0 JavaThread "Signal Dispatcher" daemon [_thread_blocked, id=34912, stack(0x000000720e100000,0x000000720e200000)]
  0x000001e025051240 JavaThread "Attach Listener" daemon [_thread_blocked, id=29864, stack(0x000000720e200000,0x000000720e300000)]
  0x000001e025053c10 JavaThread "Service Thread" daemon [_thread_blocked, id=19832, stack(0x000000720e300000,0x000000720e400000)]
  0x000001e0250545d0 JavaThread "Monitor Deflation Thread" daemon [_thread_blocked, id=34356, stack(0x000000720e400000,0x000000720e500000)]
  0x000001e0250552c0 JavaThread "C2 CompilerThread0" daemon [_thread_blocked, id=32112, stack(0x000000720e500000,0x000000720e600000)]
=>0x000001e025040270 JavaThread "C1 CompilerThread0" daemon [_thread_in_native, id=35784, stack(0x000000720e600000,0x000000720e700000)]
  0x000001e0250ace00 JavaThread "Sweeper thread" daemon [_thread_blocked, id=16640, stack(0x000000720e700000,0x000000720e800000)]
  0x000001e0251bbb30 JavaThread "Notification Thread" daemon [_thread_blocked, id=9612, stack(0x000000720e800000,0x000000720e900000)]
  0x000001e0251c3a20 JavaThread "Common-Cleaner" daemon [_thread_blocked, id=9404, stack(0x000000720ea00000,0x000000720eb00000)]
  0x000001e0264d2810 JavaThread "ForkJoinPool.commonPool-worker-1" daemon [_thread_blocked, id=27052, stack(0x000000720ec00000,0x000000720ed00000)]
  0x000001e025623060 JavaThread "HttpClient-1-SelectorManager" daemon [_thread_in_native, id=19828, stack(0x000000720f600000,0x000000720f700000)]
  0x000001e025f94070 JavaThread "Thread-2" [_thread_in_native, id=34180, stack(0x000000720f700000,0x000000720f800000)]
  0x000001e025f94550 JavaThread "Driver Service Executor" daemon [_thread_blocked, id=34944, stack(0x000000720f800000,0x000000720f900000)]
  0x000001e025f94a30 JavaThread "Driver Service Executor" daemon [_thread_in_native, id=27636, stack(0x000000720f900000,0x000000720fa00000)]
  0x000001e0260e2e60 JavaThread "UrlChecker-2" daemon [_thread_blocked, id=10660, stack(0x000000720fa00000,0x000000720fb00000)]
  0x000001e0258a35a0 JavaThread "Keep-Alive-Timer" daemon [_thread_blocked, id=34924, stack(0x000000720fc00000,0x000000720fd00000)]

Other Threads:
  0x000001e020db9eb0 VMThread "VM Thread" [stack: 0x000000720de00000,0x000000720df00000] [id=33960]
  0x000001e0251bc420 WatcherThread [stack: 0x000000720e900000,0x000000720ea00000] [id=12476]
  0x000001e0081b8640 GCTaskThread "GC Thread#0" [stack: 0x000000720d900000,0x000000720da00000] [id=2388]
  0x000001e025a14ca0 GCTaskThread "GC Thread#1" [stack: 0x000000720ee00000,0x000000720ef00000] [id=34492]
  0x000001e02596d3f0 GCTaskThread "GC Thread#2" [stack: 0x000000720ef00000,0x000000720f000000] [id=34696]
  0x000001e02596dac0 GCTaskThread "GC Thread#3" [stack: 0x000000720f000000,0x000000720f100000] [id=34152]
  0x000001e02596dd80 GCTaskThread "GC Thread#4" [stack: 0x000000720f100000,0x000000720f200000] [id=25752]
  0x000001e02596e040 GCTaskThread "GC Thread#5" [stack: 0x000000720f200000,0x000000720f300000] [id=35092]
  0x000001e02585f830 GCTaskThread "GC Thread#6" [stack: 0x000000720f300000,0x000000720f400000] [id=20032]
  0x000001e02585faf0 GCTaskThread "GC Thread#7" [stack: 0x000000720f400000,0x000000720f500000] [id=33360]
  0x000001e0081c51d0 ConcurrentGCThread "G1 Main Marker" [stack: 0x000000720da00000,0x000000720db00000] [id=5044]
  0x000001e0081c5bf0 ConcurrentGCThread "G1 Conc#0" [stack: 0x000000720db00000,0x000000720dc00000] [id=35068]
  0x000001e008205b60 ConcurrentGCThread "G1 Refine#0" [stack: 0x000000720dc00000,0x000000720dd00000] [id=32388]
  0x000001e02562a230 ConcurrentGCThread "G1 Refine#1" [stack: 0x000000720f500000,0x000000720f600000] [id=26332]
  0x000001e020c33b20 ConcurrentGCThread "G1 Service" [stack: 0x000000720dd00000,0x000000720de00000] [id=26128]

Threads with active compile tasks:
C1 CompilerThread0    44348 1395       3       java.lang.invoke.TypeConvertingMethodAdapter::convertType (299 bytes)

VM state: not at safepoint (normal execution)

VM Mutex/Monitor currently owned by a thread: None

Heap address: 0x00000000a1e00000, size: 1506 MB, Compressed Oops mode: 32-bit

CDS archive(s) not mapped
Compressed class space mapped at: 0x0000000100000000-0x0000000140000000, reserved size: 1073741824
Narrow klass base: 0x0000000000000000, Narrow klass shift: 3, Narrow klass range: 0x140000000

GC Precious Log:
 CPUs: 8 total, 8 available
 Memory: 6022M
 Large Page Support: Disabled
 NUMA Support: Disabled
 Compressed Oops: Enabled (32-bit)
 Heap Region Size: 1M
 Heap Min Capacity: 8M
 Heap Initial Capacity: 96M
 Heap Max Capacity: 1506M
 Pre-touch: Disabled
 Parallel Workers: 8
 Concurrent Workers: 2
 Concurrent Refinement Workers: 8
 Periodic GC: Disabled

Heap:
 garbage-first heap   total 98304K, used 14248K [0x00000000a1e00000, 0x0000000100000000)
  region size 1024K, 9 young (9216K), 3 survivors (3072K)
 Metaspace       used 17572K, committed 17792K, reserved 1114112K
  class space    used 1813K, committed 1920K, reserved 1048576K

Heap Regions: E=young(eden), S=young(survivor), O=old, HS=humongous(starts), HC=humongous(continues), CS=collection set, F=free, OA=open archive, CA=closed archive, TAMS=top-at-mark-start (previous, next)
|   0|0x00000000a1e00000, 0x00000000a1f00000, 0x00000000a1f00000|100%| O|  |TAMS 0x00000000a1e00000, 0x00000000a1e00000| Untracked 
|   1|0x00000000a1f00000, 0x00000000a2000000, 0x00000000a2000000|100%| O|  |TAMS 0x00000000a1f00000, 0x00000000a1f00000| Untracked 
|   2|0x00000000a2000000, 0x00000000a2100000, 0x00000000a2100000|100%| O|  |TAMS 0x00000000a2000000, 0x00000000a2000000| Untracked 
|   3|0x00000000a2100000, 0x00000000a2200000, 0x00000000a2200000|100%| O|  |TAMS 0x00000000a2100000, 0x00000000a2100000| Untracked 
|   4|0x00000000a2200000, 0x00000000a2300000, 0x00000000a2300000|100%| O|  |TAMS 0x00000000a2200000, 0x00000000a2200000| Untracked 
|   5|0x00000000a2300000, 0x00000000a23ea200, 0x00000000a2400000| 91%| O|  |TAMS 0x00000000a2300000, 0x00000000a2300000| Untracked 
|   6|0x00000000a2400000, 0x00000000a2400000, 0x00000000a2500000|  0%| F|  |TAMS 0x00000000a2400000, 0x00000000a2400000| Untracked 
|   7|0x00000000a2500000, 0x00000000a2500000, 0x00000000a2600000|  0%| F|  |TAMS 0x00000000a2500000, 0x00000000a2500000| Untracked 
|   8|0x00000000a2600000, 0x00000000a2600000, 0x00000000a2700000|  0%| F|  |TAMS 0x00000000a2600000, 0x00000000a2600000| Untracked 
|   9|0x00000000a2700000, 0x00000000a2700000, 0x00000000a2800000|  0%| F|  |TAMS 0x00000000a2700000, 0x00000000a2700000| Untracked 
|  10|0x00000000a2800000, 0x00000000a2800000, 0x00000000a2900000|  0%| F|  |TAMS 0x00000000a2800000, 0x00000000a2800000| Untracked 
|  11|0x00000000a2900000, 0x00000000a2900000, 0x00000000a2a00000|  0%| F|  |TAMS 0x00000000a2900000, 0x00000000a2900000| Untracked 
|  12|0x00000000a2a00000, 0x00000000a2a00000, 0x00000000a2b00000|  0%| F|  |TAMS 0x00000000a2a00000, 0x00000000a2a00000| Untracked 
|  13|0x00000000a2b00000, 0x00000000a2b00000, 0x00000000a2c00000|  0%| F|  |TAMS 0x00000000a2b00000, 0x00000000a2b00000| Untracked 
|  14|0x00000000a2c00000, 0x00000000a2c00000, 0x00000000a2d00000|  0%| F|  |TAMS 0x00000000a2c00000, 0x00000000a2c00000| Untracked 
|  15|0x00000000a2d00000, 0x00000000a2d00000, 0x00000000a2e00000|  0%| F|  |TAMS 0x00000000a2d00000, 0x00000000a2d00000| Untracked 
|  16|0x00000000a2e00000, 0x00000000a2e00000, 0x00000000a2f00000|  0%| F|  |TAMS 0x00000000a2e00000, 0x00000000a2e00000| Untracked 
|  17|0x00000000a2f00000, 0x00000000a2f00000, 0x00000000a3000000|  0%| F|  |TAMS 0x00000000a2f00000, 0x00000000a2f00000| Untracked 
|  18|0x00000000a3000000, 0x00000000a3000000, 0x00000000a3100000|  0%| F|  |TAMS 0x00000000a3000000, 0x00000000a3000000| Untracked 
|  19|0x00000000a3100000, 0x00000000a3100000, 0x00000000a3200000|  0%| F|  |TAMS 0x00000000a3100000, 0x00000000a3100000| Untracked 
|  20|0x00000000a3200000, 0x00000000a3200000, 0x00000000a3300000|  0%| F|  |TAMS 0x00000000a3200000, 0x00000000a3200000| Untracked 
|  21|0x00000000a3300000, 0x00000000a3300000, 0x00000000a3400000|  0%| F|  |TAMS 0x00000000a3300000, 0x00000000a3300000| Untracked 
|  22|0x00000000a3400000, 0x00000000a3400000, 0x00000000a3500000|  0%| F|  |TAMS 0x00000000a3400000, 0x00000000a3400000| Untracked 
|  23|0x00000000a3500000, 0x00000000a3500000, 0x00000000a3600000|  0%| F|  |TAMS 0x00000000a3500000, 0x00000000a3500000| Untracked 
|  24|0x00000000a3600000, 0x00000000a3600000, 0x00000000a3700000|  0%| F|  |TAMS 0x00000000a3600000, 0x00000000a3600000| Untracked 
|  25|0x00000000a3700000, 0x00000000a3700000, 0x00000000a3800000|  0%| F|  |TAMS 0x00000000a3700000, 0x00000000a3700000| Untracked 
|  26|0x00000000a3800000, 0x00000000a3800000, 0x00000000a3900000|  0%| F|  |TAMS 0x00000000a3800000, 0x00000000a3800000| Untracked 
|  27|0x00000000a3900000, 0x00000000a3900000, 0x00000000a3a00000|  0%| F|  |TAMS 0x00000000a3900000, 0x00000000a3900000| Untracked 
|  28|0x00000000a3a00000, 0x00000000a3a00000, 0x00000000a3b00000|  0%| F|  |TAMS 0x00000000a3a00000, 0x00000000a3a00000| Untracked 
|  29|0x00000000a3b00000, 0x00000000a3b00000, 0x00000000a3c00000|  0%| F|  |TAMS 0x00000000a3b00000, 0x00000000a3b00000| Untracked 
|  30|0x00000000a3c00000, 0x00000000a3c00000, 0x00000000a3d00000|  0%| F|  |TAMS 0x00000000a3c00000, 0x00000000a3c00000| Untracked 
|  31|0x00000000a3d00000, 0x00000000a3d00000, 0x00000000a3e00000|  0%| F|  |TAMS 0x00000000a3d00000, 0x00000000a3d00000| Untracked 
|  32|0x00000000a3e00000, 0x00000000a3e00000, 0x00000000a3f00000|  0%| F|  |TAMS 0x00000000a3e00000, 0x00000000a3e00000| Untracked 
|  33|0x00000000a3f00000, 0x00000000a3f00000, 0x00000000a4000000|  0%| F|  |TAMS 0x00000000a3f00000, 0x00000000a3f00000| Untracked 
|  34|0x00000000a4000000, 0x00000000a4000000, 0x00000000a4100000|  0%| F|  |TAMS 0x00000000a4000000, 0x00000000a4000000| Untracked 
|  35|0x00000000a4100000, 0x00000000a4100000, 0x00000000a4200000|  0%| F|  |TAMS 0x00000000a4100000, 0x00000000a4100000| Untracked 
|  36|0x00000000a4200000, 0x00000000a4200000, 0x00000000a4300000|  0%| F|  |TAMS 0x00000000a4200000, 0x00000000a4200000| Untracked 
|  37|0x00000000a4300000, 0x00000000a4300000, 0x00000000a4400000|  0%| F|  |TAMS 0x00000000a4300000, 0x00000000a4300000| Untracked 
|  38|0x00000000a4400000, 0x00000000a4400000, 0x00000000a4500000|  0%| F|  |TAMS 0x00000000a4400000, 0x00000000a4400000| Untracked 
|  39|0x00000000a4500000, 0x00000000a4500000, 0x00000000a4600000|  0%| F|  |TAMS 0x00000000a4500000, 0x00000000a4500000| Untracked 
|  40|0x00000000a4600000, 0x00000000a4600000, 0x00000000a4700000|  0%| F|  |TAMS 0x00000000a4600000, 0x00000000a4600000| Untracked 
|  41|0x00000000a4700000, 0x00000000a4700000, 0x00000000a4800000|  0%| F|  |TAMS 0x00000000a4700000, 0x00000000a4700000| Untracked 
|  42|0x00000000a4800000, 0x00000000a4800000, 0x00000000a4900000|  0%| F|  |TAMS 0x00000000a4800000, 0x00000000a4800000| Untracked 
|  43|0x00000000a4900000, 0x00000000a4900000, 0x00000000a4a00000|  0%| F|  |TAMS 0x00000000a4900000, 0x00000000a4900000| Untracked 
|  44|0x00000000a4a00000, 0x00000000a4a00000, 0x00000000a4b00000|  0%| F|  |TAMS 0x00000000a4a00000, 0x00000000a4a00000| Untracked 
|  45|0x00000000a4b00000, 0x00000000a4b00000, 0x00000000a4c00000|  0%| F|  |TAMS 0x00000000a4b00000, 0x00000000a4b00000| Untracked 
|  46|0x00000000a4c00000, 0x00000000a4c00000, 0x00000000a4d00000|  0%| F|  |TAMS 0x00000000a4c00000, 0x00000000a4c00000| Untracked 
|  47|0x00000000a4d00000, 0x00000000a4d00000, 0x00000000a4e00000|  0%| F|  |TAMS 0x00000000a4d00000, 0x00000000a4d00000| Untracked 
|  48|0x00000000a4e00000, 0x00000000a4e00000, 0x00000000a4f00000|  0%| F|  |TAMS 0x00000000a4e00000, 0x00000000a4e00000| Untracked 
|  49|0x00000000a4f00000, 0x00000000a4f00000, 0x00000000a5000000|  0%| F|  |TAMS 0x00000000a4f00000, 0x00000000a4f00000| Untracked 
|  50|0x00000000a5000000, 0x00000000a5000000, 0x00000000a5100000|  0%| F|  |TAMS 0x00000000a5000000, 0x00000000a5000000| Untracked 
|  51|0x00000000a5100000, 0x00000000a5100000, 0x00000000a5200000|  0%| F|  |TAMS 0x00000000a5100000, 0x00000000a5100000| Untracked 
|  52|0x00000000a5200000, 0x00000000a5200000, 0x00000000a5300000|  0%| F|  |TAMS 0x00000000a5200000, 0x00000000a5200000| Untracked 
|  53|0x00000000a5300000, 0x00000000a5300000, 0x00000000a5400000|  0%| F|  |TAMS 0x00000000a5300000, 0x00000000a5300000| Untracked 
|  54|0x00000000a5400000, 0x00000000a5400000, 0x00000000a5500000|  0%| F|  |TAMS 0x00000000a5400000, 0x00000000a5400000| Untracked 
|  55|0x00000000a5500000, 0x00000000a5500000, 0x00000000a5600000|  0%| F|  |TAMS 0x00000000a5500000, 0x00000000a5500000| Untracked 
|  56|0x00000000a5600000, 0x00000000a5600000, 0x00000000a5700000|  0%| F|  |TAMS 0x00000000a5600000, 0x00000000a5600000| Untracked 
|  57|0x00000000a5700000, 0x00000000a5700000, 0x00000000a5800000|  0%| F|  |TAMS 0x00000000a5700000, 0x00000000a5700000| Untracked 
|  58|0x00000000a5800000, 0x00000000a5800000, 0x00000000a5900000|  0%| F|  |TAMS 0x00000000a5800000, 0x00000000a5800000| Untracked 
|  59|0x00000000a5900000, 0x00000000a5900000, 0x00000000a5a00000|  0%| F|  |TAMS 0x00000000a5900000, 0x00000000a5900000| Untracked 
|  60|0x00000000a5a00000, 0x00000000a5a00000, 0x00000000a5b00000|  0%| F|  |TAMS 0x00000000a5a00000, 0x00000000a5a00000| Untracked 
|  61|0x00000000a5b00000, 0x00000000a5b00000, 0x00000000a5c00000|  0%| F|  |TAMS 0x00000000a5b00000, 0x00000000a5b00000| Untracked 
|  62|0x00000000a5c00000, 0x00000000a5c00000, 0x00000000a5d00000|  0%| F|  |TAMS 0x00000000a5c00000, 0x00000000a5c00000| Untracked 
|  63|0x00000000a5d00000, 0x00000000a5d00000, 0x00000000a5e00000|  0%| F|  |TAMS 0x00000000a5d00000, 0x00000000a5d00000| Untracked 
|  64|0x00000000a5e00000, 0x00000000a5e00000, 0x00000000a5f00000|  0%| F|  |TAMS 0x00000000a5e00000, 0x00000000a5e00000| Untracked 
|  65|0x00000000a5f00000, 0x00000000a5f00000, 0x00000000a6000000|  0%| F|  |TAMS 0x00000000a5f00000, 0x00000000a5f00000| Untracked 
|  66|0x00000000a6000000, 0x00000000a6000000, 0x00000000a6100000|  0%| F|  |TAMS 0x00000000a6000000, 0x00000000a6000000| Untracked 
|  67|0x00000000a6100000, 0x00000000a6100000, 0x00000000a6200000|  0%| F|  |TAMS 0x00000000a6100000, 0x00000000a6100000| Untracked 
|  68|0x00000000a6200000, 0x00000000a6200000, 0x00000000a6300000|  0%| F|  |TAMS 0x00000000a6200000, 0x00000000a6200000| Untracked 
|  69|0x00000000a6300000, 0x00000000a6300000, 0x00000000a6400000|  0%| F|  |TAMS 0x00000000a6300000, 0x00000000a6300000| Untracked 
|  70|0x00000000a6400000, 0x00000000a6500000, 0x00000000a6500000|100%| S|CS|TAMS 0x00000000a6400000, 0x00000000a6400000| Complete 
|  71|0x00000000a6500000, 0x00000000a6600000, 0x00000000a6600000|100%| S|CS|TAMS 0x00000000a6500000, 0x00000000a6500000| Complete 
|  72|0x00000000a6600000, 0x00000000a6700000, 0x00000000a6700000|100%| S|CS|TAMS 0x00000000a6600000, 0x00000000a6600000| Complete 
|  73|0x00000000a6700000, 0x00000000a6700000, 0x00000000a6800000|  0%| F|  |TAMS 0x00000000a6700000, 0x00000000a6700000| Untracked 
|  74|0x00000000a6800000, 0x00000000a6800000, 0x00000000a6900000|  0%| F|  |TAMS 0x00000000a6800000, 0x00000000a6800000| Untracked 
|  75|0x00000000a6900000, 0x00000000a6900000, 0x00000000a6a00000|  0%| F|  |TAMS 0x00000000a6900000, 0x00000000a6900000| Untracked 
|  76|0x00000000a6a00000, 0x00000000a6a00000, 0x00000000a6b00000|  0%| F|  |TAMS 0x00000000a6a00000, 0x00000000a6a00000| Untracked 
|  77|0x00000000a6b00000, 0x00000000a6b00000, 0x00000000a6c00000|  0%| F|  |TAMS 0x00000000a6b00000, 0x00000000a6b00000| Untracked 
|  78|0x00000000a6c00000, 0x00000000a6c00000, 0x00000000a6d00000|  0%| F|  |TAMS 0x00000000a6c00000, 0x00000000a6c00000| Untracked 
|  79|0x00000000a6d00000, 0x00000000a6d00000, 0x00000000a6e00000|  0%| F|  |TAMS 0x00000000a6d00000, 0x00000000a6d00000| Untracked 
|  80|0x00000000a6e00000, 0x00000000a6e00000, 0x00000000a6f00000|  0%| F|  |TAMS 0x00000000a6e00000, 0x00000000a6e00000| Untracked 
|  81|0x00000000a6f00000, 0x00000000a6f00000, 0x00000000a7000000|  0%| F|  |TAMS 0x00000000a6f00000, 0x00000000a6f00000| Untracked 
|  82|0x00000000a7000000, 0x00000000a7000000, 0x00000000a7100000|  0%| F|  |TAMS 0x00000000a7000000, 0x00000000a7000000| Untracked 
|  83|0x00000000a7100000, 0x00000000a7100000, 0x00000000a7200000|  0%| F|  |TAMS 0x00000000a7100000, 0x00000000a7100000| Untracked 
|  84|0x00000000a7200000, 0x00000000a7200000, 0x00000000a7300000|  0%| F|  |TAMS 0x00000000a7200000, 0x00000000a7200000| Untracked 
|  85|0x00000000a7300000, 0x00000000a7300000, 0x00000000a7400000|  0%| F|  |TAMS 0x00000000a7300000, 0x00000000a7300000| Untracked 
|  86|0x00000000a7400000, 0x00000000a7400000, 0x00000000a7500000|  0%| F|  |TAMS 0x00000000a7400000, 0x00000000a7400000| Untracked 
|  87|0x00000000a7500000, 0x00000000a7500000, 0x00000000a7600000|  0%| F|  |TAMS 0x00000000a7500000, 0x00000000a7500000| Untracked 
|  88|0x00000000a7600000, 0x00000000a7600000, 0x00000000a7700000|  0%| F|  |TAMS 0x00000000a7600000, 0x00000000a7600000| Untracked 
|  89|0x00000000a7700000, 0x00000000a7700000, 0x00000000a7800000|  0%| F|  |TAMS 0x00000000a7700000, 0x00000000a7700000| Untracked 
|  90|0x00000000a7800000, 0x00000000a78dc548, 0x00000000a7900000| 86%| E|  |TAMS 0x00000000a7800000, 0x00000000a7800000| Complete 
|  91|0x00000000a7900000, 0x00000000a7a00000, 0x00000000a7a00000|100%| E|CS|TAMS 0x00000000a7900000, 0x00000000a7900000| Complete 
|  92|0x00000000a7a00000, 0x00000000a7b00000, 0x00000000a7b00000|100%| E|CS|TAMS 0x00000000a7a00000, 0x00000000a7a00000| Complete 
|  93|0x00000000a7b00000, 0x00000000a7c00000, 0x00000000a7c00000|100%| E|CS|TAMS 0x00000000a7b00000, 0x00000000a7b00000| Complete 
|  94|0x00000000a7c00000, 0x00000000a7d00000, 0x00000000a7d00000|100%| E|CS|TAMS 0x00000000a7c00000, 0x00000000a7c00000| Complete 
|  95|0x00000000a7d00000, 0x00000000a7e00000, 0x00000000a7e00000|100%| E|CS|TAMS 0x00000000a7d00000, 0x00000000a7d00000| Complete 

Card table byte_map: [0x000001e01ae50000,0x000001e01b150000] _byte_map_base: 0x000001e01a941000

Marking Bits (Prev, Next): (CMBitMap*) 0x000001e0081b8c60, (CMBitMap*) 0x000001e0081b8ca0
 Prev Bits: [0x000001e01b450000, 0x000001e01cbd8000)
 Next Bits: [0x000001e01cbe0000, 0x000001e01e368000)

Polling page: 0x000001e007910000

Metaspace:

Usage:
  Non-class:     15.43 MB used.
      Class:      1.77 MB used.
       Both:     17.20 MB used.

Virtual space:
  Non-class space:       64.00 MB reserved,      15.50 MB ( 24%) committed,  1 nodes.
      Class space:        1.00 GB reserved,       1.88 MB ( <1%) committed,  1 nodes.
             Both:        1.06 GB reserved,      17.38 MB (  2%) committed. 

Chunk freelists:
   Non-Class:  336.00 KB
       Class:  14.09 MB
        Both:  14.42 MB

MaxMetaspaceSize: unlimited
CompressedClassSpaceSize: 1.00 GB
Initial GC threshold: 21.00 MB
Current GC threshold: 21.00 MB
CDS: off
MetaspaceReclaimPolicy: balanced
 - commit_granule_bytes: 65536.
 - commit_granule_words: 8192.
 - virtual_space_node_default_size: 8388608.
 - enlarge_chunks_in_place: 1.
 - new_chunks_are_fully_committed: 0.
 - uncommit_free_chunks: 1.
 - use_allocation_guard: 0.
 - handle_deallocations: 1.


Internal statistics:

num_allocs_failed_limit: 0.
num_arena_births: 124.
num_arena_deaths: 0.
num_vsnodes_births: 2.
num_vsnodes_deaths: 0.
num_space_committed: 278.
num_space_uncommitted: 0.
num_chunks_returned_to_freelist: 0.
num_chunks_taken_from_freelist: 301.
num_chunk_merges: 0.
num_chunk_splits: 160.
num_chunks_enlarged: 99.
num_inconsistent_stats: 0.

CodeHeap 'non-profiled nmethods': size=120000Kb used=496Kb max_used=496Kb free=119503Kb
 bounds [0x000001e0132f0000, 0x000001e013560000, 0x000001e01a820000]
CodeHeap 'profiled nmethods': size=120000Kb used=2524Kb max_used=2524Kb free=117476Kb
 bounds [0x000001e00b820000, 0x000001e00baa0000, 0x000001e012d50000]
CodeHeap 'non-nmethods': size=5760Kb used=1200Kb max_used=1215Kb free=4559Kb
 bounds [0x000001e012d50000, 0x000001e012fc0000, 0x000001e0132f0000]
 total_blobs=1900 nmethods=1395 adapters=418
 compilation: enabled
              stopped_count=0, restarted_count=0
 full_count=0

Compilation events (20 events):
Event: 40.502 Thread 0x000001e025040270 1377       3       jdk.internal.org.objectweb.asm.MethodWriter::hasFrames (13 bytes)
Event: 40.502 Thread 0x000001e025040270 nmethod 1377 0x000001e00ba94610 code [0x000001e00ba947a0, 0x000001e00ba94918]
Event: 40.502 Thread 0x000001e025040270 1385       3       java.lang.invoke.MemberName::isMethod (8 bytes)
Event: 40.502 Thread 0x000001e025040270 nmethod 1385 0x000001e00ba94990 code [0x000001e00ba94b40, 0x000001e00ba94d78]
Event: 40.544 Thread 0x000001e025040270 1386       3       java.net.URI$Parser::scan (76 bytes)
Event: 40.545 Thread 0x000001e025040270 nmethod 1386 0x000001e00ba94e90 code [0x000001e00ba950c0, 0x000001e00ba95958]
Event: 41.266 Thread 0x000001e025040270 1387       3       java.net.URI$Parser::at (23 bytes)
Event: 41.267 Thread 0x000001e025040270 nmethod 1387 0x000001e00ba95d10 code [0x000001e00ba95f00, 0x000001e00ba96538]
Event: 42.903 Thread 0x000001e025040270 1388       1       java.util.concurrent.locks.AbstractOwnableSynchronizer::setExclusiveOwnerThread (6 bytes)
Event: 42.903 Thread 0x000001e025040270 nmethod 1388 0x000001e01336a710 code [0x000001e01336a8a0, 0x000001e01336a9b8]
Event: 44.255 Thread 0x000001e025040270 1389       1       java.util.concurrent.locks.AbstractQueuedSynchronizer::setState (6 bytes)
Event: 44.255 Thread 0x000001e025040270 nmethod 1389 0x000001e01336aa10 code [0x000001e01336aba0, 0x000001e01336ac78]
Event: 44.278 Thread 0x000001e025040270 1390       1       java.util.concurrent.locks.AbstractOwnableSynchronizer::getExclusiveOwnerThread (5 bytes)
Event: 44.278 Thread 0x000001e025040270 nmethod 1390 0x000001e01336ad10 code [0x000001e01336aea0, 0x000001e01336af78]
Event: 44.278 Thread 0x000001e025040270 1391       1       java.util.concurrent.locks.AbstractQueuedSynchronizer::getState (5 bytes)
Event: 44.278 Thread 0x000001e025040270 nmethod 1391 0x000001e01336b010 code [0x000001e01336b1a0, 0x000001e01336b278]
Event: 44.285 Thread 0x000001e025040270 1393       3       java.lang.invoke.DirectMethodHandle$Holder::invokeStatic (15 bytes)
Event: 44.285 Thread 0x000001e025040270 nmethod 1393 0x000001e00ba96810 code [0x000001e00ba969e0, 0x000001e00ba96f18]
Event: 44.291 Thread 0x000001e0250552c0 1394       4       java.lang.StringLatin1::inflate (34 bytes)
Event: 44.293 Thread 0x000001e025040270 1395       3       java.lang.invoke.TypeConvertingMethodAdapter::convertType (299 bytes)

GC Heap History (2 events):
Event: 38.697 GC heap before
{Heap before GC invocations=0 (full 0):
 garbage-first heap   total 98304K, used 22528K [0x00000000a1e00000, 0x0000000100000000)
  region size 1024K, 23 young (23552K), 0 survivors (0K)
 Metaspace       used 14600K, committed 14784K, reserved 1114112K
  class space    used 1452K, committed 1536K, reserved 1048576K
}
Event: 38.721 GC heap after
{Heap after GC invocations=1 (full 0):
 garbage-first heap   total 98304K, used 9128K [0x00000000a1e00000, 0x0000000100000000)
  region size 1024K, 3 young (3072K), 3 survivors (3072K)
 Metaspace       used 14600K, committed 14784K, reserved 1114112K
  class space    used 1452K, committed 1536K, reserved 1048576K
}

Dll operation events (6 events):
Event: 0.040 Loaded shared library C:\Users\2303726\.p2\pool\plugins\org.eclipse.justj.openjdk.hotspot.jre.full.win32.x86_64_17.0.9.v20231028-0858\jre\bin\java.dll
Event: 0.822 Loaded shared library C:\Users\2303726\.p2\pool\plugins\org.eclipse.justj.openjdk.hotspot.jre.full.win32.x86_64_17.0.9.v20231028-0858\jre\bin\net.dll
Event: 0.832 Loaded shared library C:\Users\2303726\.p2\pool\plugins\org.eclipse.justj.openjdk.hotspot.jre.full.win32.x86_64_17.0.9.v20231028-0858\jre\bin\nio.dll
Event: 0.847 Loaded shared library C:\Users\2303726\.p2\pool\plugins\org.eclipse.justj.openjdk.hotspot.jre.full.win32.x86_64_17.0.9.v20231028-0858\jre\bin\zip.dll
Event: 1.544 Loaded shared library C:\Users\2303726\.p2\pool\plugins\org.eclipse.justj.openjdk.hotspot.jre.full.win32.x86_64_17.0.9.v20231028-0858\jre\bin\jimage.dll
Event: 37.991 Loaded shared library C:\Users\2303726\.p2\pool\plugins\org.eclipse.justj.openjdk.hotspot.jre.full.win32.x86_64_17.0.9.v20231028-0858\jre\bin\sunmscapi.dll

Deoptimization events (20 events):
Event: 37.071 Thread 0x000001e00816d870 DEOPT PACKING pc=0x000001e00b89477c sp=0x000000720d8fefc0
Event: 37.071 Thread 0x000001e00816d870 DEOPT UNPACKING pc=0x000001e012da7143 sp=0x000000720d8fe470 mode 0
Event: 37.305 Thread 0x000001e00816d870 DEOPT PACKING pc=0x000001e00b82e6e5 sp=0x000000720d8fdfd0
Event: 37.305 Thread 0x000001e00816d870 DEOPT UNPACKING pc=0x000001e012da7143 sp=0x000000720d8fd420 mode 0
Event: 37.935 Thread 0x000001e00816d870 Uncommon trap: trap_request=0xffffff45 fr.pc=0x000001e013314868 relative=0x0000000000000248
Event: 37.935 Thread 0x000001e00816d870 Uncommon trap: reason=unstable_if action=reinterpret pc=0x000001e013314868 method=java.lang.String.startsWith(Ljava/lang/String;I)Z @ 1 c2
Event: 37.935 Thread 0x000001e00816d870 DEOPT PACKING pc=0x000001e013314868 sp=0x000000720d8fde90
Event: 37.935 Thread 0x000001e00816d870 DEOPT UNPACKING pc=0x000001e012da69a3 sp=0x000000720d8fddf8 mode 2
Event: 38.619 Thread 0x000001e00816d870 DEOPT PACKING pc=0x000001e00b9f6abe sp=0x000000720d8fcd60
Event: 38.619 Thread 0x000001e00816d870 DEOPT UNPACKING pc=0x000001e012da7143 sp=0x000000720d8fc1e0 mode 0
Event: 38.623 Thread 0x000001e00816d870 DEOPT PACKING pc=0x000001e00b9f6abe sp=0x000000720d8fcd60
Event: 38.623 Thread 0x000001e00816d870 DEOPT UNPACKING pc=0x000001e012da7143 sp=0x000000720d8fc1e0 mode 0
Event: 38.673 Thread 0x000001e00816d870 DEOPT PACKING pc=0x000001e00b82ed7e sp=0x000000720d8fce10
Event: 38.673 Thread 0x000001e00816d870 DEOPT UNPACKING pc=0x000001e012da7143 sp=0x000000720d8fc280 mode 0
Event: 39.116 Thread 0x000001e00816d870 Uncommon trap: trap_request=0xffffff45 fr.pc=0x000001e01333b674 relative=0x0000000000001c74
Event: 39.116 Thread 0x000001e00816d870 Uncommon trap: reason=unstable_if action=reinterpret pc=0x000001e01333b674 method=java.io.WinNTFileSystem.normalize(Ljava/lang/String;)Ljava/lang/String; @ 128 c2
Event: 39.116 Thread 0x000001e00816d870 DEOPT PACKING pc=0x000001e01333b674 sp=0x000000720d8fcd70
Event: 39.116 Thread 0x000001e00816d870 DEOPT UNPACKING pc=0x000001e012da69a3 sp=0x000000720d8fcd58 mode 2
Event: 44.291 Thread 0x000001e00816d870 DEOPT PACKING pc=0x000001e00b82c8be sp=0x000000720d8f9320
Event: 44.291 Thread 0x000001e00816d870 DEOPT UNPACKING pc=0x000001e012da7143 sp=0x000000720d8f8798 mode 0

Classes unloaded (0 events):
No events

Classes redefined (0 events):
No events

Internal exceptions (20 events):
Event: 40.766 Thread 0x000001e0260e2e60 Exception <a 'java/net/ConnectException'{0x00000000a79dba08}: Connection refused: no further information> (0x00000000a79dba08) 
thrown [s\src\hotspot\share\prims\jni.cpp, line 535]
Event: 40.766 Thread 0x000001e0260e2e60 Exception <a 'java/net/SocketException'{0x00000000a79dbd40}: Socket is not connected: shutdown> (0x00000000a79dbd40) 
thrown [s\src\hotspot\share\prims\jni.cpp, line 535]
Event: 40.908 Thread 0x000001e0260e2e60 Exception <a 'java/net/ConnectException'{0x00000000a79dcc68}: Connection refused: no further information> (0x00000000a79dcc68) 
thrown [s\src\hotspot\share\prims\jni.cpp, line 535]
Event: 40.908 Thread 0x000001e0260e2e60 Exception <a 'java/net/SocketException'{0x00000000a79dcfa0}: Socket is not connected: shutdown> (0x00000000a79dcfa0) 
thrown [s\src\hotspot\share\prims\jni.cpp, line 535]
Event: 41.032 Thread 0x000001e0260e2e60 Exception <a 'java/net/ConnectException'{0x00000000a79ddec8}: Connection refused: no further information> (0x00000000a79ddec8) 
thrown [s\src\hotspot\share\prims\jni.cpp, line 535]
Event: 41.032 Thread 0x000001e0260e2e60 Exception <a 'java/net/SocketException'{0x00000000a79de200}: Socket is not connected: shutdown> (0x00000000a79de200) 
thrown [s\src\hotspot\share\prims\jni.cpp, line 535]
Event: 41.278 Thread 0x000001e0260e2e60 Exception <a 'java/net/ConnectException'{0x00000000a79df128}: Connection refused: no further information> (0x00000000a79df128) 
thrown [s\src\hotspot\share\prims\jni.cpp, line 535]
Event: 41.279 Thread 0x000001e0260e2e60 Exception <a 'java/net/SocketException'{0x00000000a79df460}: Socket is not connected: shutdown> (0x00000000a79df460) 
thrown [s\src\hotspot\share\prims\jni.cpp, line 535]
Event: 41.663 Thread 0x000001e0260e2e60 Exception <a 'java/net/ConnectException'{0x00000000a79e0388}: Connection refused: no further information> (0x00000000a79e0388) 
thrown [s\src\hotspot\share\prims\jni.cpp, line 535]
Event: 41.663 Thread 0x000001e0260e2e60 Exception <a 'java/net/SocketException'{0x00000000a79e06c0}: Socket is not connected: shutdown> (0x00000000a79e06c0) 
thrown [s\src\hotspot\share\prims\jni.cpp, line 535]
Event: 42.039 Thread 0x000001e0260e2e60 Exception <a 'java/net/ConnectException'{0x00000000a79e15e8}: Connection refused: no further information> (0x00000000a79e15e8) 
thrown [s\src\hotspot\share\prims\jni.cpp, line 535]
Event: 42.039 Thread 0x000001e0260e2e60 Exception <a 'java/net/SocketException'{0x00000000a79e1920}: Socket is not connected: shutdown> (0x00000000a79e1920) 
thrown [s\src\hotspot\share\prims\jni.cpp, line 535]
Event: 42.411 Thread 0x000001e0260e2e60 Exception <a 'java/net/ConnectException'{0x00000000a79e2848}: Connection refused: no further information> (0x00000000a79e2848) 
thrown [s\src\hotspot\share\prims\jni.cpp, line 535]
Event: 42.411 Thread 0x000001e0260e2e60 Exception <a 'java/net/SocketException'{0x00000000a79e2b80}: Socket is not connected: shutdown> (0x00000000a79e2b80) 
thrown [s\src\hotspot\share\prims\jni.cpp, line 535]
Event: 42.981 Thread 0x000001e0260e2e60 Exception <a 'java/net/ConnectException'{0x00000000a79e3aa8}: Connection refused: no further information> (0x00000000a79e3aa8) 
thrown [s\src\hotspot\share\prims\jni.cpp, line 535]
Event: 42.982 Thread 0x000001e0260e2e60 Exception <a 'java/net/SocketException'{0x00000000a79e3de0}: Socket is not connected: shutdown> (0x00000000a79e3de0) 
thrown [s\src\hotspot\share\prims\jni.cpp, line 535]
Event: 43.389 Thread 0x000001e0260e2e60 Exception <a 'java/net/ConnectException'{0x00000000a79e4d08}: Connection refused: no further information> (0x00000000a79e4d08) 
thrown [s\src\hotspot\share\prims\jni.cpp, line 535]
Event: 43.390 Thread 0x000001e0260e2e60 Exception <a 'java/net/SocketException'{0x00000000a79e5040}: Socket is not connected: shutdown> (0x00000000a79e5040) 
thrown [s\src\hotspot\share\prims\jni.cpp, line 535]
Event: 43.788 Thread 0x000001e0260e2e60 Exception <a 'java/net/ConnectException'{0x00000000a79e5f68}: Connection refused: no further information> (0x00000000a79e5f68) 
thrown [s\src\hotspot\share\prims\jni.cpp, line 535]
Event: 43.788 Thread 0x000001e0260e2e60 Exception <a 'java/net/SocketException'{0x00000000a79e62a0}: Socket is not connected: shutdown> (0x00000000a79e62a0) 
thrown [s\src\hotspot\share\prims\jni.cpp, line 535]

VM Operations (20 events):
Event: 38.015 Executing VM operation: HandshakeAllThreads
Event: 38.015 Executing VM operation: HandshakeAllThreads done
Event: 38.379 Executing VM operation: HandshakeAllThreads
Event: 38.380 Executing VM operation: HandshakeAllThreads done
Event: 38.380 Executing VM operation: Cleanup
Event: 38.380 Executing VM operation: Cleanup done
Event: 38.697 Executing VM operation: G1CollectForAllocation
Event: 38.721 Executing VM operation: G1CollectForAllocation done
Event: 39.165 Executing VM operation: HandshakeAllThreads
Event: 39.165 Executing VM operation: HandshakeAllThreads done
Event: 40.175 Executing VM operation: Cleanup
Event: 40.175 Executing VM operation: Cleanup done
Event: 41.186 Executing VM operation: Cleanup
Event: 41.186 Executing VM operation: Cleanup done
Event: 44.213 Executing VM operation: Cleanup
Event: 44.213 Executing VM operation: Cleanup done
Event: 44.253 Executing VM operation: HandshakeAllThreads
Event: 44.253 Executing VM operation: HandshakeAllThreads done
Event: 44.256 Executing VM operation: HandshakeAllThreads
Event: 44.276 Executing VM operation: HandshakeAllThreads done

Events (20 events):
Event: 44.254 loading class sun/net/www/http/KeepAliveStreamCleaner$1 done
Event: 44.254 loading class sun/net/www/http/KeepAliveStreamCleaner$2
Event: 44.254 loading class sun/net/www/http/KeepAliveStreamCleaner$2 done
Event: 44.254 loading class sun/net/www/protocol/http/HttpURLConnection$HttpInputStream
Event: 44.254 loading class sun/net/www/protocol/http/HttpURLConnection$HttpInputStream done
Event: 44.255 loading class sun/net/www/http/ChunkedInputStream
Event: 44.255 loading class sun/net/www/http/ChunkedInputStream done
Event: 44.255 loading class sun/net/www/http/KeepAliveCache$1
Event: 44.255 loading class sun/net/www/http/KeepAliveCache$1 done
Event: 44.255 Thread 0x000001e0258a35a0 Thread added: 0x000001e0258a35a0
Event: 44.255 loading class sun/net/www/http/ClientVector
Event: 44.256 loading class sun/net/www/http/ClientVector done
Event: 44.278 loading class sun/net/www/http/KeepAliveEntry
Event: 44.278 loading class sun/net/www/http/KeepAliveEntry done
Event: 44.279 loading class java/util/concurrent/locks/AbstractQueuedSynchronizer$ConditionNode
Event: 44.279 loading class java/util/concurrent/locks/AbstractQueuedSynchronizer$Node
Event: 44.280 loading class java/util/concurrent/locks/AbstractQueuedSynchronizer$Node done
Event: 44.280 loading class java/util/concurrent/locks/AbstractQueuedSynchronizer$ConditionNode done
Event: 44.293 loading class java/util/Collections$2
Event: 44.293 loading class java/util/Collections$2 done


Dynamic libraries:
0x00007ff7f00e0000 - 0x00007ff7f00ee000 	C:\Users\2303726\.p2\pool\plugins\org.eclipse.justj.openjdk.hotspot.jre.full.win32.x86_64_17.0.9.v20231028-0858\jre\bin\javaw.exe
0x00007ffe546c0000 - 0x00007ffe548c9000 	C:\Windows\SYSTEM32\ntdll.dll
0x00007ffe52c40000 - 0x00007ffe52cfd000 	C:\Windows\System32\KERNEL32.DLL
0x00007ffe52090000 - 0x00007ffe52415000 	C:\Windows\System32\KERNELBASE.dll
0x00007ffe51cb0000 - 0x00007ffe51dc1000 	C:\Windows\System32\ucrtbase.dll
0x00007ffe46860000 - 0x00007ffe46877000 	C:\Users\2303726\.p2\pool\plugins\org.eclipse.justj.openjdk.hotspot.jre.full.win32.x86_64_17.0.9.v20231028-0858\jre\bin\jli.dll
0x00007ffe4e400000 - 0x00007ffe4e41b000 	C:\Users\2303726\.p2\pool\plugins\org.eclipse.justj.openjdk.hotspot.jre.full.win32.x86_64_17.0.9.v20231028-0858\jre\bin\VCRUNTIME140.dll
0x00007ffe53db0000 - 0x00007ffe53f5d000 	C:\Windows\System32\USER32.dll
0x00007ffe51f40000 - 0x00007ffe51f66000 	C:\Windows\System32\win32u.dll
0x00007ffe526f0000 - 0x00007ffe5271a000 	C:\Windows\System32\GDI32.dll
0x00007ffe51f70000 - 0x00007ffe5208e000 	C:\Windows\System32\gdi32full.dll
0x00007ffe51b50000 - 0x00007ffe51bed000 	C:\Windows\System32\msvcp_win.dll
0x00007ffe3d080000 - 0x00007ffe3d325000 	C:\Windows\WinSxS\amd64_microsoft.windows.common-controls_6595b64144ccf1df_6.0.22000.2600_none_1b65155c6ae217ae\COMCTL32.dll
0x00007ffe53880000 - 0x00007ffe53923000 	C:\Windows\System32\msvcrt.dll
0x00007ffe53f60000 - 0x00007ffe53f91000 	C:\Windows\System32\IMM32.DLL
0x00007ffe51860000 - 0x00007ffe51a00000 	C:\Program Files\Avecto\Privilege Guard Client\PGHook.dll
0x00007ffe537d0000 - 0x00007ffe53880000 	C:\Windows\System32\ADVAPI32.dll
0x00007ffe54260000 - 0x00007ffe542fe000 	C:\Windows\System32\sechost.dll
0x00007ffe535a0000 - 0x00007ffe536c2000 	C:\Windows\System32\RPCRT4.dll
0x00007ffe4e460000 - 0x00007ffe4e46c000 	C:\Users\2303726\.p2\pool\plugins\org.eclipse.justj.openjdk.hotspot.jre.full.win32.x86_64_17.0.9.v20231028-0858\jre\bin\vcruntime140_1.dll
0x00007ffe18f60000 - 0x00007ffe18fed000 	C:\Users\2303726\.p2\pool\plugins\org.eclipse.justj.openjdk.hotspot.jre.full.win32.x86_64_17.0.9.v20231028-0858\jre\bin\msvcp140.dll
0x00007ffe06410000 - 0x00007ffe07071000 	C:\Users\2303726\.p2\pool\plugins\org.eclipse.justj.openjdk.hotspot.jre.full.win32.x86_64_17.0.9.v20231028-0858\jre\bin\server\jvm.dll
0x00007ffe51a20000 - 0x00007ffe51a6d000 	C:\Windows\SYSTEM32\POWRPROF.dll
0x00007ffe3b000000 - 0x00007ffe3b009000 	C:\Windows\SYSTEM32\WSOCK32.dll
0x00007ffe53760000 - 0x00007ffe537cf000 	C:\Windows\System32\WS2_32.dll
0x00007ffe48c70000 - 0x00007ffe48ca3000 	C:\Windows\SYSTEM32\WINMM.dll
0x00007ffe47220000 - 0x00007ffe4722a000 	C:\Windows\SYSTEM32\VERSION.dll
0x00007ffe51a00000 - 0x00007ffe51a13000 	C:\Windows\SYSTEM32\UMPDC.dll
0x00007ffe50910000 - 0x00007ffe50928000 	C:\Windows\SYSTEM32\kernel.appcore.dll
0x00007ffe4df80000 - 0x00007ffe4df8a000 	C:\Users\2303726\.p2\pool\plugins\org.eclipse.justj.openjdk.hotspot.jre.full.win32.x86_64_17.0.9.v20231028-0858\jre\bin\jimage.dll
0x00007ffe4f200000 - 0x00007ffe4f421000 	C:\Windows\SYSTEM32\DBGHELP.DLL
0x00007ffe36090000 - 0x00007ffe360c1000 	C:\Windows\SYSTEM32\dbgcore.DLL
0x00007ffe52420000 - 0x00007ffe5249f000 	C:\Windows\System32\bcryptPrimitives.dll
0x00007ffe4d190000 - 0x00007ffe4d1b5000 	C:\Users\2303726\.p2\pool\plugins\org.eclipse.justj.openjdk.hotspot.jre.full.win32.x86_64_17.0.9.v20231028-0858\jre\bin\java.dll
0x00007ffe4df20000 - 0x00007ffe4df38000 	C:\Users\2303726\.p2\pool\plugins\org.eclipse.justj.openjdk.hotspot.jre.full.win32.x86_64_17.0.9.v20231028-0858\jre\bin\zip.dll
0x00007ffe52d20000 - 0x00007ffe534e5000 	C:\Windows\System32\SHELL32.dll
0x00007ffe4f7b0000 - 0x00007ffe50012000 	C:\Windows\SYSTEM32\windows.storage.dll
0x00007ffe54300000 - 0x00007ffe54676000 	C:\Windows\System32\combase.dll
0x00007ffe4f640000 - 0x00007ffe4f7a7000 	C:\Windows\SYSTEM32\wintypes.dll
0x00007ffe52840000 - 0x00007ffe5292a000 	C:\Windows\System32\SHCORE.dll
0x00007ffe53700000 - 0x00007ffe5375d000 	C:\Windows\System32\shlwapi.dll
0x00007ffe51a80000 - 0x00007ffe51aa5000 	C:\Windows\SYSTEM32\profapi.dll
0x00007ffe4dea0000 - 0x00007ffe4deb9000 	C:\Users\2303726\.p2\pool\plugins\org.eclipse.justj.openjdk.hotspot.jre.full.win32.x86_64_17.0.9.v20231028-0858\jre\bin\net.dll
0x00007ffe50930000 - 0x00007ffe50a44000 	C:\Windows\SYSTEM32\WINHTTP.dll
0x00007ffe50ed0000 - 0x00007ffe50f37000 	C:\Windows\system32\mswsock.dll
0x00007ffe4de70000 - 0x00007ffe4de86000 	C:\Users\2303726\.p2\pool\plugins\org.eclipse.justj.openjdk.hotspot.jre.full.win32.x86_64_17.0.9.v20231028-0858\jre\bin\nio.dll
0x00007ffe50290000 - 0x00007ffe50377000 	C:\Windows\SYSTEM32\DNSAPI.dll
0x00007ffe50260000 - 0x00007ffe5028d000 	C:\Windows\SYSTEM32\IPHLPAPI.DLL
0x00007ffe536d0000 - 0x00007ffe536d9000 	C:\Windows\System32\NSI.dll
0x00007ffe3d720000 - 0x00007ffe3d72a000 	C:\Windows\System32\rasadhlp.dll
0x00007ffe46d20000 - 0x00007ffe46da1000 	C:\Windows\System32\fwpuclnt.dll
0x00007ffe52d10000 - 0x00007ffe52d18000 	C:\Windows\System32\psapi.dll
0x00007ffe4d2c0000 - 0x00007ffe4d2ce000 	C:\Users\2303726\.p2\pool\plugins\org.eclipse.justj.openjdk.hotspot.jre.full.win32.x86_64_17.0.9.v20231028-0858\jre\bin\sunmscapi.dll
0x00007ffe51dd0000 - 0x00007ffe51f32000 	C:\Windows\System32\CRYPT32.dll
0x00007ffe51260000 - 0x00007ffe51288000 	C:\Windows\SYSTEM32\ncrypt.dll
0x00007ffe51220000 - 0x00007ffe51257000 	C:\Windows\SYSTEM32\NTASN1.dll
0x00007ffe51110000 - 0x00007ffe51128000 	C:\Windows\SYSTEM32\CRYPTSP.dll
0x00007ffe50870000 - 0x00007ffe508a5000 	C:\Windows\system32\rsaenh.dll
0x00007ffe50fc0000 - 0x00007ffe50fec000 	C:\Windows\SYSTEM32\USERENV.dll
0x00007ffe51290000 - 0x00007ffe512b7000 	C:\Windows\SYSTEM32\bcrypt.dll
0x00007ffe51130000 - 0x00007ffe5113c000 	C:\Windows\SYSTEM32\CRYPTBASE.dll
0x00007ffe491d0000 - 0x00007ffe491e9000 	C:\Windows\SYSTEM32\dhcpcsvc6.DLL
0x00007ffe49700000 - 0x00007ffe4971e000 	C:\Windows\SYSTEM32\dhcpcsvc.DLL
0x00007ffe4e490000 - 0x00007ffe4e498000 	C:\Windows\system32\wshunix.dll

dbghelp: loaded successfully - version: 4.0.5 - missing functions: none
symbol engine: initialized successfully - sym options: 0x614 - pdb path: .;C:\Users\2303726\.p2\pool\plugins\org.eclipse.justj.openjdk.hotspot.jre.full.win32.x86_64_17.0.9.v20231028-0858\jre\bin;C:\Windows\SYSTEM32;C:\Windows\WinSxS\amd64_microsoft.windows.common-controls_6595b64144ccf1df_6.0.22000.2600_none_1b65155c6ae217ae;C:\Program Files\Avecto\Privilege Guard Client;C:\Users\2303726\.p2\pool\plugins\org.eclipse.justj.openjdk.hotspot.jre.full.win32.x86_64_17.0.9.v20231028-0858\jre\bin\server

VM Arguments:
jvm_args: -Dfile.encoding=UTF-8 -XX:+ShowCodeDetailsInExceptionMessages 
java_command: hackaton.carServices
java_class_path (initial): C:\Users\2303726\Downloads\CAS_WorldClock 1\CAS_WorldClock\target\classes;C:\Users\2303726\.p2\pool\plugins\junit-jupiter-api_5.9.0.jar;C:\Users\2303726\.p2\pool\plugins\junit-jupiter-engine_5.9.0.jar;C:\Users\2303726\.p2\pool\plugins\junit-jupiter-migrationsupport_5.9.0.jar;C:\Users\2303726\.p2\pool\plugins\junit-jupiter-params_5.9.0.jar;C:\Users\2303726\.p2\pool\plugins\junit-platform-commons_1.9.0.jar;C:\Users\2303726\.p2\pool\plugins\junit-platform-engine_1.9.0.jar;C:\Users\2303726\.p2\pool\plugins\junit-platform-launcher_1.9.0.jar;C:\Users\2303726\.p2\pool\plugins\junit-platform-runner_1.9.0.jar;C:\Users\2303726\.p2\pool\plugins\junit-platform-suite-api_1.9.0.jar;C:\Users\2303726\.p2\pool\plugins\junit-platform-suite-engine_1.9.0.jar;C:\Users\2303726\.p2\pool\plugins\junit-platform-suite-commons_1.9.0.jar;C:\Users\2303726\.p2\pool\plugins\junit-vintage-engine_5.9.0.jar;C:\Users\2303726\.p2\pool\plugins\org.opentest4j_1.2.0.jar;C:\Users\2303726\.p2\pool\plugins\org.apiguardian.api_1.1.2.jar;C:\Users\2303726\.p2\pool\plugins\org.junit_4.13.2.v20211018-1956.jar;C:\Users\2303726\.p2\pool\plugins\org.hamcrest.core_1.3.0.v20180420-1519.jar;C:\Users\2303726\.p2\pool\plugins\org.testng_7.9.0.r202312310341.jar;C:\Users\2303726\.p2\pool\plugins\com.beust.jcommander_1.82.0.jar;C:\Users\2303726\.p2\pool\plugins\org.apache-extras.beanshell.bsh_2.0.0.b6.jar;C:\Users\2303726\.p2\pool\plugins\org.yaml.snakeyaml_1.27.0.v20201111-1638.jar;C:\Users\2303726\.p2\pool\plugins\org.webjars.jquery_3.7.1.jar;C:\Users\2303726\.m2\repository\org\seleniumhq\selenium\selenium-java\4.15.0\selenium-java-4.15.0.jar;C:\Users\2303726\.m2\repository\org\seleniumhq\selenium\selenium-api\4.15.0\selenium-api-4.15.0.jar;C:\Users\2303726\.m2\repository\org\seleniumhq\selenium\selenium-devtools-v117\4.15.0\selenium-devtools-v117-4.15.0.jar;C:\Users\2303726\.m2\repository\org\seleniumhq\selenium\selenium-devtools-v118\4.15.0\selenium-devtools-v118-4.15.0.jar;C:\Users\2303726
Launcher Type: SUN_STANDARD

[Global flags]
     intx CICompilerCount                          = 4                                         {product} {ergonomic}
     uint ConcGCThreads                            = 2                                         {product} {ergonomic}
     uint G1ConcRefinementThreads                  = 8                                         {product} {ergonomic}
   size_t G1HeapRegionSize                         = 1048576                                   {product} {ergonomic}
    uintx GCDrainStackTargetSize                   = 64                                        {product} {ergonomic}
   size_t InitialHeapSize                          = 100663296                                 {product} {ergonomic}
   size_t MarkStackSize                            = 4194304                                   {product} {ergonomic}
   size_t MaxHeapSize                              = 1579155456                                {product} {ergonomic}
   size_t MaxNewSize                               = 946864128                                 {product} {ergonomic}
   size_t MinHeapDeltaBytes                        = 1048576                                   {product} {ergonomic}
   size_t MinHeapSize                              = 8388608                                   {product} {ergonomic}
    uintx NonNMethodCodeHeapSize                   = 5839372                                {pd product} {ergonomic}
    uintx NonProfiledCodeHeapSize                  = 122909434                              {pd product} {ergonomic}
    uintx ProfiledCodeHeapSize                     = 122909434                              {pd product} {ergonomic}
    uintx ReservedCodeCacheSize                    = 251658240                              {pd product} {ergonomic}
     bool SegmentedCodeCache                       = true                                      {product} {ergonomic}
     bool ShowCodeDetailsInExceptionMessages       = true                                   {manageable} {command line}
   size_t SoftMaxHeapSize                          = 1579155456                             {manageable} {ergonomic}
     bool UseCompressedClassPointers               = true                           {product lp64_product} {ergonomic}
     bool UseCompressedOops                        = true                           {product lp64_product} {ergonomic}
     bool UseG1GC                                  = true                                      {product} {ergonomic}
     bool UseLargePagesIndividualAllocation        = false                                  {pd product} {ergonomic}

Logging:
Log output configuration:
 #0: stdout all=warning uptime,level,tags
 #1: stderr all=off uptime,level,tags

Environment Variables:
PATH=C:/Users/2303726/.p2/pool/plugins/org.eclipse.justj.openjdk.hotspot.jre.full.win32.x86_64_17.0.9.v20231028-0858/jre/bin/server;C:/Users/2303726/.p2/pool/plugins/org.eclipse.justj.openjdk.hotspot.jre.full.win32.x86_64_17.0.9.v20231028-0858/jre/bin;C:\Windows\system32;C:\Windows;C:\Windows\System32\Wbem;C:\Windows\System32\WindowsPowerShell\v1.0\;C:\Windows\System32\OpenSSH\;C:\driver\apache-maven-3.9.3\bin;C:\Program Files\Git\cmd;C:\Users\2303726\AppData\Local\Microsoft\WindowsApps;;C:\Windows\system32;
USERNAME=2303726
OS=Windows_NT
PROCESSOR_IDENTIFIER=AMD64 Family 23 Model 24 Stepping 1, AuthenticAMD
TMP=C:\Users\2303726\AppData\Local\Temp\1
TEMP=C:\Users\2303726\AppData\Local\Temp\1



Periodic native trim disabled


---------------  S Y S T E M  ---------------

OS:
 Windows 11 , 64 bit Build 22000 (10.0.22000.2600)
OS uptime: 19 days 20:43 hours

CPU: total 8 (initial active 8) (8 cores per cpu, 2 threads per core) family 23 model 24 stepping 1 microcode 0x0, cx8, cmov, fxsr, ht, mmx, 3dnowpref, sse, sse2, sse3, ssse3, sse4a, sse4.1, sse4.2, popcnt, lzcnt, tsc, tscinvbit, avx, avx2, aes, clmul, bmi1, bmi2, adx, sha, fma, vzeroupper, clflush, clflushopt
Processor Information for all 8 processors :
  Max Mhz: 2100, Current Mhz: 2100, Mhz Limit: 2100

Memory: 4k page, system-wide physical 6022M (85M free)
TotalPageFile size 22406M (AvailPageFile size 0M)
current process WorkingSet (physical memory assigned to process): 96M, peak: 96M
current process commit charge ("private bytes"): 195M, peak: 196M

vm_info: OpenJDK 64-Bit Server VM (17.0.9+9) for windows-amd64 JRE (17.0.9+9), built on Oct 26 2023 14:01:42 by "admin" with MS VC++ 16.10 / 16.11 (VS2019)

END.
